<soapenv:Envelope xmlns:soapenv="http://schemas.xmlsoap.org/soap/envelope/"
                  xmlns:gs="http://tutorialspoint/schemas">
    <soapenv:Header/>
    <soapenv:Body/>
</soapenv:Envelope>